Using pre-set license
Built from '2020.3/staging' branch; Version is '2020.3.3f1 (76626098c1c4) revision 7758432'; Using compiler version '192528614'; Build Type 'Release'
OS: 'Windows 10 Pro; OS build 19041.985; Version 2004; 64bit' Language: 'de' Physical Memory: 16320 MB
BatchMode: 1, IsHumanControllingUs: 0, StartBugReporterOnCrash: 0, Is64bit: 1, IsPro: 0

 COMMAND LINE ARGUMENTS:
C:\Program Files\Unity\Hub\Editor\2020.3.3f1\Editor\Unity.exe
-adb2
-batchMode
-noUpm
-name
AssetImportWorker0
-projectPath
C:/Users/Anarchy/Desktop/Uni/Experimental Gamedesign/Playground/Juicyness
-logFile
Logs/AssetImportWorker0.log
-srvPort
54444
Successfully changed project path to: C:/Users/Anarchy/Desktop/Uni/Experimental Gamedesign/Playground/Juicyness
C:/Users/Anarchy/Desktop/Uni/Experimental Gamedesign/Playground/Juicyness
Using Asset Import Pipeline V2.
Refreshing native plugins compatible for Editor in 35.32 ms, found 0 plugins.
Preloading 0 native plugins for Editor in 0.00 ms.
Initialize engine version: 2020.3.3f1 (76626098c1c4)
[Subsystems] Discovering subsystems at path C:/Program Files/Unity/Hub/Editor/2020.3.3f1/Editor/Data/Resources/UnitySubsystems
[Subsystems] Discovering subsystems at path C:/Users/Anarchy/Desktop/Uni/Experimental Gamedesign/Playground/Juicyness/Assets
GfxDevice: creating device client; threaded=0
Direct3D:
    Version:  Direct3D 11.0 [level 11.1]
    Renderer: NVIDIA GeForce GTX 970 (ID=0x13c2)
    Vendor:   
    VRAM:     4043 MB
    Driver:   27.21.14.5671
Initialize mono
Mono path[0] = 'C:/Program Files/Unity/Hub/Editor/2020.3.3f1/Editor/Data/Managed'
Mono path[1] = 'C:/Program Files/Unity/Hub/Editor/2020.3.3f1/Editor/Data/MonoBleedingEdge/lib/mono/unityjit'
Mono config path = 'C:/Program Files/Unity/Hub/Editor/2020.3.3f1/Editor/Data/MonoBleedingEdge/etc'
Using monoOptions --debugger-agent=transport=dt_socket,embedding=1,server=y,suspend=n,address=127.0.0.1:56484
Begin MonoManager ReloadAssembly
Registering precompiled unity dll's ...
Register platform support module: C:/Program Files/Unity/Hub/Editor/2020.3.3f1/Editor/Data/PlaybackEngines/WindowsStandaloneSupport/UnityEditor.WindowsStandalone.Extensions.dll
Registered in 0.003145 seconds.
Native extension for WindowsStandalone target not found
Refreshing native plugins compatible for Editor in 29.68 ms, found 0 plugins.
Preloading 0 native plugins for Editor in 0.00 ms.
Invoked RoslynAnalysisRunner static constructor.
RoslynAnalysisRunner will not be running.
RoslynAnalysisRunner has terminated.
Mono: successfully reloaded assembly
- Completed reload, in  1.206 seconds
Platform modules already initialized, skipping
Registering precompiled user dll's ...
Registered in 0.000717 seconds.
Begin MonoManager ReloadAssembly
Native extension for WindowsStandalone target not found
Refreshing native plugins compatible for Editor in 0.25 ms, found 0 plugins.
Preloading 0 native plugins for Editor in 0.00 ms.
Invoked RoslynAnalysisRunner static constructor.
RoslynAnalysisRunner will not be running.
RoslynAnalysisRunner has terminated.
Mono: successfully reloaded assembly
- Completed reload, in  0.957 seconds
Platform modules already initialized, skipping
========================================================================
Worker process is ready to serve import requests
Launched and connected shader compiler UnityShaderCompiler.exe after 0.06 seconds
Refreshing native plugins compatible for Editor in 0.31 ms, found 0 plugins.
Preloading 0 native plugins for Editor in 0.00 ms.
Unloading 1263 Unused Serialized files (Serialized files now loaded: 0)
System memory in use before: 62.1 MB.
System memory in use after: 62.1 MB.

Unloading 11 unused Assets to reduce memory usage. Loaded Objects now: 1706.
Total: 2.260000 ms (FindLiveObjects: 0.216800 ms CreateObjectMapping: 0.060200 ms MarkObjects: 1.852500 ms  DeleteObjects: 0.129000 ms)

========================================================================
Received Import Request.
  path: Assets/New Material 1.mat
  artifactKey: Guid(7a8e47e8135dd0c4c86d96b45376cbf5) Importer(815301076,1909f56bfc062723c751e8b465ee728b)
Start importing Assets/New Material 1.mat using Guid(7a8e47e8135dd0c4c86d96b45376cbf5) Importer(815301076,1909f56bfc062723c751e8b465ee728b)  -> (artifact id: '220a5ea09857c425b5419706d94442b3') in 0.133702 seconds
  Import took 0.135746 seconds .

========================================================================
Received Import Request.
  Time since last request: 0.000290 seconds.
  path: Assets/Body.mat
  artifactKey: Guid(8a3680e491044b94d9c9cbc7a0ea4f63) Importer(815301076,1909f56bfc062723c751e8b465ee728b)
Start importing Assets/Body.mat using Guid(8a3680e491044b94d9c9cbc7a0ea4f63) Importer(815301076,1909f56bfc062723c751e8b465ee728b)  -> (artifact id: '3fc930fce13a6052b5bc16c70bdc138a') in 0.016996 seconds
  Import took 0.019595 seconds .

========================================================================
Received Import Request.
  Time since last request: 0.000253 seconds.
  path: Assets/New Material.mat
  artifactKey: Guid(e751c53dc5c1f8c478ac05f399ef6344) Importer(815301076,1909f56bfc062723c751e8b465ee728b)
Start importing Assets/New Material.mat using Guid(e751c53dc5c1f8c478ac05f399ef6344) Importer(815301076,1909f56bfc062723c751e8b465ee728b)  -> (artifact id: '9ed4b65fe7a7617b59e07a44d03da69b') in 0.017034 seconds
  Import took 0.020338 seconds .

========================================================================
Received Import Request.
  Time since last request: 0.000355 seconds.
  path: Assets/Body.mat
  artifactKey: Guid(8a3680e491044b94d9c9cbc7a0ea4f63) Importer(815301076,1909f56bfc062723c751e8b465ee728b)
Start importing Assets/Body.mat using Guid(8a3680e491044b94d9c9cbc7a0ea4f63) Importer(815301076,1909f56bfc062723c751e8b465ee728b)  -> (artifact id: '3fc930fce13a6052b5bc16c70bdc138a') in 0.016559 seconds
  Import took 0.019602 seconds .

========================================================================
Received Import Request.
  Time since last request: 0.000246 seconds.
  path: Assets/ground.mat
  artifactKey: Guid(1f932cae09908b946b6c30d7b3b793d3) Importer(815301076,1909f56bfc062723c751e8b465ee728b)
Start importing Assets/ground.mat using Guid(1f932cae09908b946b6c30d7b3b793d3) Importer(815301076,1909f56bfc062723c751e8b465ee728b)  -> (artifact id: '7520b47a443fe935e271f43bc0a6e929') in 0.015282 seconds
  Import took 0.018363 seconds .

========================================================================
Received Import Request.
  Time since last request: 43.853922 seconds.
  path: Assets/Scenes
  artifactKey: Guid(895521ab7781f4b4798f2efed434d709) Importer(815301076,1909f56bfc062723c751e8b465ee728b)
Start importing Assets/Scenes using Guid(895521ab7781f4b4798f2efed434d709) Importer(815301076,1909f56bfc062723c751e8b465ee728b)  -> (artifact id: 'cd4ca1eec18547b359e7a08408c66af1') in 0.007581 seconds
  Import took 0.010013 seconds .

========================================================================
Received Import Request.
  Time since last request: 0.008622 seconds.
  path: Assets/Scenes
  artifactKey: Guid(895521ab7781f4b4798f2efed434d709) Importer(815301076,1909f56bfc062723c751e8b465ee728b)
Start importing Assets/Scenes using Guid(895521ab7781f4b4798f2efed434d709) Importer(815301076,1909f56bfc062723c751e8b465ee728b)  -> (artifact id: 'cd4ca1eec18547b359e7a08408c66af1') in 0.002613 seconds
  Import took 0.004990 seconds .

========================================================================
Received Import Request.
  Time since last request: 8.451338 seconds.
  path: Assets/Scripts/ThirdPersonMovement.cs
  artifactKey: Guid(803d64df3d526f7438f1d68488a9fa52) Importer(815301076,1909f56bfc062723c751e8b465ee728b)
Start importing Assets/Scripts/ThirdPersonMovement.cs using Guid(803d64df3d526f7438f1d68488a9fa52) Importer(815301076,1909f56bfc062723c751e8b465ee728b)  -> (artifact id: '091a8f80e91cf0af305f4438fab7b9d7') in 0.017667 seconds
  Import took 0.020113 seconds .

========================================================================
Received Import Request.
  Time since last request: 0.016699 seconds.
  path: Assets/Scripts/ThirdPersonMovement.cs
  artifactKey: Guid(803d64df3d526f7438f1d68488a9fa52) Importer(815301076,1909f56bfc062723c751e8b465ee728b)
Start importing Assets/Scripts/ThirdPersonMovement.cs using Guid(803d64df3d526f7438f1d68488a9fa52) Importer(815301076,1909f56bfc062723c751e8b465ee728b)  -> (artifact id: '091a8f80e91cf0af305f4438fab7b9d7') in 0.003371 seconds
  Import took 0.005944 seconds .

========================================================================
Received Prepare
Registering precompiled user dll's ...
Registered in 0.000792 seconds.
Begin MonoManager ReloadAssembly
Native extension for WindowsStandalone target not found
Refreshing native plugins compatible for Editor in 0.25 ms, found 0 plugins.
Preloading 0 native plugins for Editor in 0.00 ms.
Invoked RoslynAnalysisRunner static constructor.
RoslynAnalysisRunner will not be running.
RoslynAnalysisRunner has terminated.
Mono: successfully reloaded assembly
- Completed reload, in  1.169 seconds
Platform modules already initialized, skipping
Refreshing native plugins compatible for Editor in 0.25 ms, found 0 plugins.
Preloading 0 native plugins for Editor in 0.00 ms.
Unloading 1256 Unused Serialized files (Serialized files now loaded: 0)
System memory in use before: 65.3 MB.
System memory in use after: 65.3 MB.

Unloading 6 unused Assets to reduce memory usage. Loaded Objects now: 1749.
Total: 2.024600 ms (FindLiveObjects: 0.183300 ms CreateObjectMapping: 0.040900 ms MarkObjects: 1.748700 ms  DeleteObjects: 0.049900 ms)

========================================================================
Received Import Request.
  Time since last request: 649.002531 seconds.
  path: Assets/Jump-Pad.prefab
  artifactKey: Guid(c7234a80c17f388489db41aa013c5a0b) Importer(815301076,1909f56bfc062723c751e8b465ee728b)
Start importing Assets/Jump-Pad.prefab using Guid(c7234a80c17f388489db41aa013c5a0b) Importer(815301076,1909f56bfc062723c751e8b465ee728b)  -> (artifact id: '1f344c6682946d8fac089807ccd539db') in 0.095792 seconds
  Import took 0.099093 seconds .

========================================================================
Received Import Request.
  Time since last request: 3.686185 seconds.
  path: Assets/SpeedBoost-Pad.prefab
  artifactKey: Guid(99d3c05b2b2e80f4f8962c113416a92e) Importer(815301076,1909f56bfc062723c751e8b465ee728b)
Start importing Assets/SpeedBoost-Pad.prefab using Guid(99d3c05b2b2e80f4f8962c113416a92e) Importer(815301076,1909f56bfc062723c751e8b465ee728b)  -> (artifact id: '221bdf84052b5c3daf7a3639a6c3bb1f') in 0.015931 seconds
  Import took 0.019002 seconds .

========================================================================
Received Import Request.
  Time since last request: 0.013721 seconds.
  path: Assets/SpeedBoost-Pad.prefab
  artifactKey: Guid(99d3c05b2b2e80f4f8962c113416a92e) Importer(815301076,1909f56bfc062723c751e8b465ee728b)
Start importing Assets/SpeedBoost-Pad.prefab using Guid(99d3c05b2b2e80f4f8962c113416a92e) Importer(815301076,1909f56bfc062723c751e8b465ee728b)  -> (artifact id: '221bdf84052b5c3daf7a3639a6c3bb1f') in 0.010448 seconds
  Import took 0.012905 seconds .

========================================================================
Received Import Request.
  Time since last request: 33.113591 seconds.
  path: Assets/Jump-Pad.prefab
  artifactKey: Guid(c7234a80c17f388489db41aa013c5a0b) Importer(815301076,1909f56bfc062723c751e8b465ee728b)
Start importing Assets/Jump-Pad.prefab using Guid(c7234a80c17f388489db41aa013c5a0b) Importer(815301076,1909f56bfc062723c751e8b465ee728b)  -> (artifact id: 'f0465fc85560244822b7d4ca4ad5f674') in 0.011252 seconds
  Import took 0.014919 seconds .

========================================================================
Received Import Request.
  Time since last request: 0.014570 seconds.
  path: Assets/Jump-Pad.prefab
  artifactKey: Guid(c7234a80c17f388489db41aa013c5a0b) Importer(815301076,1909f56bfc062723c751e8b465ee728b)
Start importing Assets/Jump-Pad.prefab using Guid(c7234a80c17f388489db41aa013c5a0b) Importer(815301076,1909f56bfc062723c751e8b465ee728b)  -> (artifact id: 'f0465fc85560244822b7d4ca4ad5f674') in 0.010937 seconds
  Import took 0.013537 seconds .

========================================================================
Received Import Request.
  Time since last request: 1.779708 seconds.
  path: Assets/Jump-Pad.prefab
  artifactKey: Guid(c7234a80c17f388489db41aa013c5a0b) Importer(815301076,1909f56bfc062723c751e8b465ee728b)
Start importing Assets/Jump-Pad.prefab using Guid(c7234a80c17f388489db41aa013c5a0b) Importer(815301076,1909f56bfc062723c751e8b465ee728b)  -> (artifact id: '62367c0f620015ffd09b36d8e3648a87') in 0.010591 seconds
  Import took 0.013715 seconds .

========================================================================
Received Import Request.
  Time since last request: 0.015230 seconds.
  path: Assets/Jump-Pad.prefab
  artifactKey: Guid(c7234a80c17f388489db41aa013c5a0b) Importer(815301076,1909f56bfc062723c751e8b465ee728b)
Start importing Assets/Jump-Pad.prefab using Guid(c7234a80c17f388489db41aa013c5a0b) Importer(815301076,1909f56bfc062723c751e8b465ee728b)  -> (artifact id: '62367c0f620015ffd09b36d8e3648a87') in 0.011175 seconds
  Import took 0.014275 seconds .

========================================================================
Received Import Request.
  Time since last request: 4.911592 seconds.
  path: Assets/Jump-Pad.prefab
  artifactKey: Guid(c7234a80c17f388489db41aa013c5a0b) Importer(815301076,1909f56bfc062723c751e8b465ee728b)
Start importing Assets/Jump-Pad.prefab using Guid(c7234a80c17f388489db41aa013c5a0b) Importer(815301076,1909f56bfc062723c751e8b465ee728b)  -> (artifact id: 'd99829bc4db37e82df1093fe30a7f083') in 0.014854 seconds
  Import took 0.017901 seconds .

========================================================================
Received Import Request.
  Time since last request: 0.014978 seconds.
  path: Assets/Jump-Pad.prefab
  artifactKey: Guid(c7234a80c17f388489db41aa013c5a0b) Importer(815301076,1909f56bfc062723c751e8b465ee728b)
Start importing Assets/Jump-Pad.prefab using Guid(c7234a80c17f388489db41aa013c5a0b) Importer(815301076,1909f56bfc062723c751e8b465ee728b)  -> (artifact id: 'd99829bc4db37e82df1093fe30a7f083') in 0.010219 seconds
  Import took 0.013389 seconds .

========================================================================
Received Import Request.
  Time since last request: 104.282820 seconds.
  path: Assets/Scripts
  artifactKey: Guid(e381f879cbef36a40a62f5548015f323) Importer(815301076,1909f56bfc062723c751e8b465ee728b)
Start importing Assets/Scripts using Guid(e381f879cbef36a40a62f5548015f323) Importer(815301076,1909f56bfc062723c751e8b465ee728b)  -> (artifact id: '7a06709cd32eda36383cf9611bb16175') in 0.007949 seconds
  Import took 0.010722 seconds .

========================================================================
Received Prepare
Registering precompiled user dll's ...
Registered in 0.001305 seconds.
Begin MonoManager ReloadAssembly
Native extension for WindowsStandalone target not found
Refreshing native plugins compatible for Editor in 0.36 ms, found 0 plugins.
Preloading 0 native plugins for Editor in 0.00 ms.
Invoked RoslynAnalysisRunner static constructor.
RoslynAnalysisRunner will not be running.
RoslynAnalysisRunner has terminated.
Mono: successfully reloaded assembly
- Completed reload, in  1.506 seconds
Platform modules already initialized, skipping
Refreshing native plugins compatible for Editor in 0.53 ms, found 0 plugins.
Preloading 0 native plugins for Editor in 0.00 ms.
Unloading 1256 Unused Serialized files (Serialized files now loaded: 0)
System memory in use before: 65.3 MB.
System memory in use after: 65.4 MB.

Unloading 6 unused Assets to reduce memory usage. Loaded Objects now: 1754.
Total: 2.988500 ms (FindLiveObjects: 0.272800 ms CreateObjectMapping: 0.153700 ms MarkObjects: 2.485100 ms  DeleteObjects: 0.075000 ms)

========================================================================
Received Import Request.
  Time since last request: 1828.917752 seconds.
  path: Assets/Sounds
  artifactKey: Guid(67307b6304344744fbb30da524095594) Importer(815301076,1909f56bfc062723c751e8b465ee728b)
Start importing Assets/Sounds using Guid(67307b6304344744fbb30da524095594) Importer(815301076,1909f56bfc062723c751e8b465ee728b)  -> (artifact id: 'dfed06deeacf7850565762dceb360cd5') in 0.013669 seconds
  Import took 0.016927 seconds .

========================================================================
Received Import Request.
  Time since last request: 14.320111 seconds.
  path: Assets/Sounds/8bit_jump_19.mp3
  artifactKey: Guid(816527ab3a7a60349873adcfd36c147f) Importer(815301076,1909f56bfc062723c751e8b465ee728b)
Start importing Assets/Sounds/8bit_jump_19.mp3 using Guid(816527ab3a7a60349873adcfd36c147f) Importer(815301076,1909f56bfc062723c751e8b465ee728b)  -> (artifact id: '6b9c3b27a794a7a0c2045217afcb93d0') in 0.089845 seconds
  Import took 0.093248 seconds .

========================================================================
Received Import Request.
  Time since last request: 0.000441 seconds.
  path: Assets/Sounds/Power Up Whoosh - Slushy-Speed Up.mp3
  artifactKey: Guid(dfa6a4d6affa0e9409a8c9563fcbd0f4) Importer(815301076,1909f56bfc062723c751e8b465ee728b)
Start importing Assets/Sounds/Power Up Whoosh - Slushy-Speed Up.mp3 using Guid(dfa6a4d6affa0e9409a8c9563fcbd0f4) Importer(815301076,1909f56bfc062723c751e8b465ee728b)  -> (artifact id: '64137d9d45e871e7acbbd67f177f1801') in 0.041099 seconds
  Import took 0.045224 seconds .

========================================================================
Received Import Request.
  Time since last request: 74.600693 seconds.
  path: Assets/Sounds/Power Up Whoosh - Slushy-Speed Up.mp3
  artifactKey: Guid(dfa6a4d6affa0e9409a8c9563fcbd0f4) Importer(815301076,1909f56bfc062723c751e8b465ee728b)
Start importing Assets/Sounds/Power Up Whoosh - Slushy-Speed Up.mp3 using Guid(dfa6a4d6affa0e9409a8c9563fcbd0f4) Importer(815301076,1909f56bfc062723c751e8b465ee728b)  -> (artifact id: 'd537c8b9dc0c91fc70a3f6ee765eef46') in 0.022294 seconds
  Import took 0.025105 seconds .

========================================================================
Received Import Request.
  Time since last request: 0.001544 seconds.
  path: Assets/Sounds/Power Up Whoosh - Slushy-Speed Up.mp3
  artifactKey: Guid(dfa6a4d6affa0e9409a8c9563fcbd0f4) Importer(815301076,1909f56bfc062723c751e8b465ee728b)
Start importing Assets/Sounds/Power Up Whoosh - Slushy-Speed Up.mp3 using Guid(dfa6a4d6affa0e9409a8c9563fcbd0f4) Importer(815301076,1909f56bfc062723c751e8b465ee728b)  -> (artifact id: 'd537c8b9dc0c91fc70a3f6ee765eef46') in 0.015130 seconds
  Import took 0.018441 seconds .

========================================================================
Received Import Request.
  Time since last request: 10.632926 seconds.
  path: Assets/Sounds/Power Up Whoosh - Slushy-Speed Up.mp3
  artifactKey: Guid(dfa6a4d6affa0e9409a8c9563fcbd0f4) Importer(815301076,1909f56bfc062723c751e8b465ee728b)
Start importing Assets/Sounds/Power Up Whoosh - Slushy-Speed Up.mp3 using Guid(dfa6a4d6affa0e9409a8c9563fcbd0f4) Importer(815301076,1909f56bfc062723c751e8b465ee728b)  -> (artifact id: 'c646fb52dcf8d5a0947ecd40f811be6b') in 0.013971 seconds
  Import took 0.016849 seconds .

========================================================================
Received Import Request.
  Time since last request: 0.009838 seconds.
  path: Assets/Sounds/Power Up Whoosh - Slushy-Speed Up.mp3
  artifactKey: Guid(dfa6a4d6affa0e9409a8c9563fcbd0f4) Importer(815301076,1909f56bfc062723c751e8b465ee728b)
Start importing Assets/Sounds/Power Up Whoosh - Slushy-Speed Up.mp3 using Guid(dfa6a4d6affa0e9409a8c9563fcbd0f4) Importer(815301076,1909f56bfc062723c751e8b465ee728b)  -> (artifact id: 'c646fb52dcf8d5a0947ecd40f811be6b') in 0.013538 seconds
  Import took 0.016900 seconds .

========================================================================
Received Import Request.
  Time since last request: 17.830885 seconds.
  path: Assets/Sounds/8bit_jump_19.mp3
  artifactKey: Guid(816527ab3a7a60349873adcfd36c147f) Importer(815301076,1909f56bfc062723c751e8b465ee728b)
Start importing Assets/Sounds/8bit_jump_19.mp3 using Guid(816527ab3a7a60349873adcfd36c147f) Importer(815301076,1909f56bfc062723c751e8b465ee728b)  -> (artifact id: '6dfc3e3d1f226b7e063adb81f9f04e39') in 0.016740 seconds
  Import took 0.019786 seconds .

========================================================================
Received Import Request.
  Time since last request: 0.005147 seconds.
  path: Assets/Sounds/8bit_jump_19.mp3
  artifactKey: Guid(816527ab3a7a60349873adcfd36c147f) Importer(815301076,1909f56bfc062723c751e8b465ee728b)
Start importing Assets/Sounds/8bit_jump_19.mp3 using Guid(816527ab3a7a60349873adcfd36c147f) Importer(815301076,1909f56bfc062723c751e8b465ee728b)  -> (artifact id: '6dfc3e3d1f226b7e063adb81f9f04e39') in 0.013732 seconds
  Import took 0.016664 seconds .

========================================================================
Received Import Request.
  Time since last request: 6.365780 seconds.
  path: Assets/Sounds/8bit_jump_19.mp3
  artifactKey: Guid(816527ab3a7a60349873adcfd36c147f) Importer(815301076,1909f56bfc062723c751e8b465ee728b)
Start importing Assets/Sounds/8bit_jump_19.mp3 using Guid(816527ab3a7a60349873adcfd36c147f) Importer(815301076,1909f56bfc062723c751e8b465ee728b)  -> (artifact id: '6cf5b9b8f6244c60c59c82386f703a4d') in 0.015748 seconds
  Import took 0.017948 seconds .

========================================================================
Received Import Request.
  Time since last request: 0.007846 seconds.
  path: Assets/Sounds/8bit_jump_19.mp3
  artifactKey: Guid(816527ab3a7a60349873adcfd36c147f) Importer(815301076,1909f56bfc062723c751e8b465ee728b)
Start importing Assets/Sounds/8bit_jump_19.mp3 using Guid(816527ab3a7a60349873adcfd36c147f) Importer(815301076,1909f56bfc062723c751e8b465ee728b)  -> (artifact id: '6cf5b9b8f6244c60c59c82386f703a4d') in 0.016492 seconds
  Import took 0.019735 seconds .

========================================================================
Received Import Request.
  Time since last request: 46.186864 seconds.
  path: Assets/Sounds/Power Up Whoosh - Slushy-Speed Up.mp3
  artifactKey: Guid(dfa6a4d6affa0e9409a8c9563fcbd0f4) Importer(815301076,1909f56bfc062723c751e8b465ee728b)
Start importing Assets/Sounds/Power Up Whoosh - Slushy-Speed Up.mp3 using Guid(dfa6a4d6affa0e9409a8c9563fcbd0f4) Importer(815301076,1909f56bfc062723c751e8b465ee728b)  -> (artifact id: 'c942a285242ebac459acdc9368008e9c') in 0.014335 seconds
  Import took 0.017052 seconds .

========================================================================
Received Import Request.
  Time since last request: 0.009361 seconds.
  path: Assets/Sounds/Power Up Whoosh - Slushy-Speed Up.mp3
  artifactKey: Guid(dfa6a4d6affa0e9409a8c9563fcbd0f4) Importer(815301076,1909f56bfc062723c751e8b465ee728b)
Start importing Assets/Sounds/Power Up Whoosh - Slushy-Speed Up.mp3 using Guid(dfa6a4d6affa0e9409a8c9563fcbd0f4) Importer(815301076,1909f56bfc062723c751e8b465ee728b)  -> (artifact id: 'c942a285242ebac459acdc9368008e9c') in 0.016396 seconds
  Import took 0.018651 seconds .

========================================================================
Received Import Request.
  Time since last request: 12.719815 seconds.
  path: Assets/Sounds/Power Up Whoosh - Slushy-Speed Up.mp3
  artifactKey: Guid(dfa6a4d6affa0e9409a8c9563fcbd0f4) Importer(815301076,1909f56bfc062723c751e8b465ee728b)
Start importing Assets/Sounds/Power Up Whoosh - Slushy-Speed Up.mp3 using Guid(dfa6a4d6affa0e9409a8c9563fcbd0f4) Importer(815301076,1909f56bfc062723c751e8b465ee728b)  -> (artifact id: '45e2dfc315dca131dab946f09b47a387') in 0.014137 seconds
  Import took 0.016310 seconds .

========================================================================
Received Import Request.
  Time since last request: 0.010104 seconds.
  path: Assets/Sounds/Power Up Whoosh - Slushy-Speed Up.mp3
  artifactKey: Guid(dfa6a4d6affa0e9409a8c9563fcbd0f4) Importer(815301076,1909f56bfc062723c751e8b465ee728b)
Start importing Assets/Sounds/Power Up Whoosh - Slushy-Speed Up.mp3 using Guid(dfa6a4d6affa0e9409a8c9563fcbd0f4) Importer(815301076,1909f56bfc062723c751e8b465ee728b)  -> (artifact id: '45e2dfc315dca131dab946f09b47a387') in 0.014694 seconds
  Import took 0.017022 seconds .

========================================================================
Received Import Request.
  Time since last request: 648.769042 seconds.
  path: Assets/Scripts/Methods.cs
  artifactKey: Guid(ab70b24451fd066418deaec076f36fc5) Importer(815301076,1909f56bfc062723c751e8b465ee728b)
Start importing Assets/Scripts/Methods.cs using Guid(ab70b24451fd066418deaec076f36fc5) Importer(815301076,1909f56bfc062723c751e8b465ee728b)  -> (artifact id: '0ecf087d506a5ec6127ab87f42cb844f') in 0.030252 seconds
  Import took 0.037266 seconds .

========================================================================
Received Prepare
Registering precompiled user dll's ...
Registered in 0.000858 seconds.
Begin MonoManager ReloadAssembly
Native extension for WindowsStandalone target not found
Refreshing native plugins compatible for Editor in 0.40 ms, found 0 plugins.
Preloading 0 native plugins for Editor in 0.00 ms.
Invoked RoslynAnalysisRunner static constructor.
RoslynAnalysisRunner will not be running.
RoslynAnalysisRunner has terminated.
Mono: successfully reloaded assembly
- Completed reload, in  1.222 seconds
Platform modules already initialized, skipping
Refreshing native plugins compatible for Editor in 0.41 ms, found 0 plugins.
Preloading 0 native plugins for Editor in 0.00 ms.
Unloading 1257 Unused Serialized files (Serialized files now loaded: 0)
System memory in use before: 65.4 MB.
System memory in use after: 65.5 MB.

Unloading 6 unused Assets to reduce memory usage. Loaded Objects now: 1761.
Total: 1.930100 ms (FindLiveObjects: 0.297700 ms CreateObjectMapping: 0.144200 ms MarkObjects: 1.367400 ms  DeleteObjects: 0.119900 ms)

========================================================================
Received Import Request.
  Time since last request: 157.551842 seconds.
  path: Assets/Scripts/Methods.cs
  artifactKey: Guid(ab70b24451fd066418deaec076f36fc5) Importer(815301076,1909f56bfc062723c751e8b465ee728b)
Start importing Assets/Scripts/Methods.cs using Guid(ab70b24451fd066418deaec076f36fc5) Importer(815301076,1909f56bfc062723c751e8b465ee728b)  -> (artifact id: '9b4f97f14746701fcfd319bd90993a4b') in 0.009031 seconds
  Import took 0.011964 seconds .

========================================================================
Received Prepare
Registering precompiled user dll's ...
Registered in 0.000763 seconds.
Begin MonoManager ReloadAssembly
Native extension for WindowsStandalone target not found
Refreshing native plugins compatible for Editor in 0.54 ms, found 0 plugins.
Preloading 0 native plugins for Editor in 0.00 ms.
Invoked RoslynAnalysisRunner static constructor.
RoslynAnalysisRunner will not be running.
RoslynAnalysisRunner has terminated.
Mono: successfully reloaded assembly
- Completed reload, in  1.036 seconds
Platform modules already initialized, skipping
Refreshing native plugins compatible for Editor in 0.43 ms, found 0 plugins.
Preloading 0 native plugins for Editor in 0.00 ms.
Unloading 1257 Unused Serialized files (Serialized files now loaded: 0)
System memory in use before: 65.4 MB.
System memory in use after: 65.5 MB.

Unloading 6 unused Assets to reduce memory usage. Loaded Objects now: 1764.
Total: 1.926300 ms (FindLiveObjects: 0.276500 ms CreateObjectMapping: 0.129000 ms MarkObjects: 1.469900 ms  DeleteObjects: 0.049800 ms)

========================================================================
Received Import Request.
  Time since last request: 225.844174 seconds.
  path: Assets/Scripts/ThirdPersonMovement.cs
  artifactKey: Guid(803d64df3d526f7438f1d68488a9fa52) Importer(815301076,1909f56bfc062723c751e8b465ee728b)
Start importing Assets/Scripts/ThirdPersonMovement.cs using Guid(803d64df3d526f7438f1d68488a9fa52) Importer(815301076,1909f56bfc062723c751e8b465ee728b)  -> (artifact id: '113e4270a923d56bab85346bab982067') in 0.013073 seconds
  Import took 0.016753 seconds .

========================================================================
Received Import Request.
  Time since last request: 0.013105 seconds.
  path: Assets/Scripts/ThirdPersonMovement.cs
  artifactKey: Guid(803d64df3d526f7438f1d68488a9fa52) Importer(815301076,1909f56bfc062723c751e8b465ee728b)
Start importing Assets/Scripts/ThirdPersonMovement.cs using Guid(803d64df3d526f7438f1d68488a9fa52) Importer(815301076,1909f56bfc062723c751e8b465ee728b)  -> (artifact id: '113e4270a923d56bab85346bab982067') in 0.004701 seconds
  Import took 0.007385 seconds .

========================================================================
Received Import Request.
  Time since last request: 140.882016 seconds.
  path: Assets/Scripts/ThirdPersonMovement.cs
  artifactKey: Guid(803d64df3d526f7438f1d68488a9fa52) Importer(815301076,1909f56bfc062723c751e8b465ee728b)
Start importing Assets/Scripts/ThirdPersonMovement.cs using Guid(803d64df3d526f7438f1d68488a9fa52) Importer(815301076,1909f56bfc062723c751e8b465ee728b)  -> (artifact id: 'b779ea311a0b520deb7af5b8bd89ad52') in 0.003888 seconds
  Import took 0.006731 seconds .

========================================================================
Received Prepare
Registering precompiled user dll's ...
Registered in 0.001073 seconds.
Begin MonoManager ReloadAssembly
Native extension for WindowsStandalone target not found
Refreshing native plugins compatible for Editor in 0.20 ms, found 0 plugins.
Preloading 0 native plugins for Editor in 0.00 ms.
Invoked RoslynAnalysisRunner static constructor.
RoslynAnalysisRunner will not be running.
RoslynAnalysisRunner has terminated.
Mono: successfully reloaded assembly
- Completed reload, in  1.027 seconds
Platform modules already initialized, skipping
Refreshing native plugins compatible for Editor in 0.25 ms, found 0 plugins.
Preloading 0 native plugins for Editor in 0.00 ms.
Unloading 1257 Unused Serialized files (Serialized files now loaded: 0)
System memory in use before: 65.4 MB.
System memory in use after: 65.5 MB.

Unloading 6 unused Assets to reduce memory usage. Loaded Objects now: 1767.
Total: 2.753100 ms (FindLiveObjects: 0.486400 ms CreateObjectMapping: 0.099900 ms MarkObjects: 2.098100 ms  DeleteObjects: 0.067000 ms)

========================================================================
Received Import Request.
  Time since last request: 1863.900449 seconds.
  path: Assets/Scripts/ThirdPersonMovement.cs
  artifactKey: Guid(803d64df3d526f7438f1d68488a9fa52) Importer(815301076,1909f56bfc062723c751e8b465ee728b)
Start importing Assets/Scripts/ThirdPersonMovement.cs using Guid(803d64df3d526f7438f1d68488a9fa52) Importer(815301076,1909f56bfc062723c751e8b465ee728b)  -> (artifact id: '6153e3939d5d0901fb19bad9520f48f4') in 0.006966 seconds
  Import took 0.010186 seconds .

========================================================================
Received Import Request.
  Time since last request: 0.034015 seconds.
  path: Assets/Scripts/ThirdPersonMovement.cs
  artifactKey: Guid(803d64df3d526f7438f1d68488a9fa52) Importer(815301076,1909f56bfc062723c751e8b465ee728b)
Start importing Assets/Scripts/ThirdPersonMovement.cs using Guid(803d64df3d526f7438f1d68488a9fa52) Importer(815301076,1909f56bfc062723c751e8b465ee728b)  -> (artifact id: '6153e3939d5d0901fb19bad9520f48f4') in 0.003857 seconds
  Import took 0.006467 seconds .

========================================================================
Received Import Request.
  Time since last request: 66.702706 seconds.
  path: Assets/Scripts/Methods.cs
  artifactKey: Guid(ab70b24451fd066418deaec076f36fc5) Importer(815301076,1909f56bfc062723c751e8b465ee728b)
Start importing Assets/Scripts/Methods.cs using Guid(ab70b24451fd066418deaec076f36fc5) Importer(815301076,1909f56bfc062723c751e8b465ee728b)  -> (artifact id: 'b1a5bddd0e62eb8e34ac8bd3feeff0fe') in 0.003273 seconds
  Import took 0.006049 seconds .

========================================================================
Received Prepare
Registering precompiled user dll's ...
Registered in 0.000752 seconds.
Begin MonoManager ReloadAssembly
Native extension for WindowsStandalone target not found
Refreshing native plugins compatible for Editor in 0.33 ms, found 0 plugins.
Preloading 0 native plugins for Editor in 0.00 ms.
Invoked RoslynAnalysisRunner static constructor.
RoslynAnalysisRunner will not be running.
RoslynAnalysisRunner has terminated.
Mono: successfully reloaded assembly
- Completed reload, in  1.214 seconds
Platform modules already initialized, skipping
Refreshing native plugins compatible for Editor in 0.25 ms, found 0 plugins.
Preloading 0 native plugins for Editor in 0.00 ms.
Unloading 1256 Unused Serialized files (Serialized files now loaded: 0)
System memory in use before: 65.4 MB.
System memory in use after: 65.5 MB.

Unloading 7 unused Assets to reduce memory usage. Loaded Objects now: 1769.
Total: 1.957500 ms (FindLiveObjects: 0.200800 ms CreateObjectMapping: 0.070500 ms MarkObjects: 1.588100 ms  DeleteObjects: 0.096400 ms)

========================================================================
Received Prepare
Registering precompiled user dll's ...
Registered in 0.000962 seconds.
Begin MonoManager ReloadAssembly
Native extension for WindowsStandalone target not found
Refreshing native plugins compatible for Editor in 0.25 ms, found 0 plugins.
Preloading 0 native plugins for Editor in 0.00 ms.
Invoked RoslynAnalysisRunner static constructor.
RoslynAnalysisRunner will not be running.
RoslynAnalysisRunner has terminated.
Mono: successfully reloaded assembly
- Completed reload, in  1.261 seconds
Platform modules already initialized, skipping
Refreshing native plugins compatible for Editor in 0.27 ms, found 0 plugins.
Preloading 0 native plugins for Editor in 0.00 ms.
Unloading 1256 Unused Serialized files (Serialized files now loaded: 0)
System memory in use before: 65.4 MB.
System memory in use after: 65.5 MB.

Unloading 6 unused Assets to reduce memory usage. Loaded Objects now: 1772.
Total: 1.931800 ms (FindLiveObjects: 0.271200 ms CreateObjectMapping: 0.071500 ms MarkObjects: 1.495100 ms  DeleteObjects: 0.091800 ms)

========================================================================
Received Prepare
Registering precompiled user dll's ...
Registered in 0.001468 seconds.
Begin MonoManager ReloadAssembly
Native extension for WindowsStandalone target not found
Refreshing native plugins compatible for Editor in 0.35 ms, found 0 plugins.
Preloading 0 native plugins for Editor in 0.00 ms.
Invoked RoslynAnalysisRunner static constructor.
RoslynAnalysisRunner will not be running.
RoslynAnalysisRunner has terminated.
Mono: successfully reloaded assembly
- Completed reload, in  1.292 seconds
Platform modules already initialized, skipping
Refreshing native plugins compatible for Editor in 0.26 ms, found 0 plugins.
Preloading 0 native plugins for Editor in 0.00 ms.
Unloading 1256 Unused Serialized files (Serialized files now loaded: 0)
System memory in use before: 65.4 MB.
System memory in use after: 65.5 MB.

Unloading 6 unused Assets to reduce memory usage. Loaded Objects now: 1775.
Total: 2.726700 ms (FindLiveObjects: 0.343500 ms CreateObjectMapping: 0.090400 ms MarkObjects: 2.198200 ms  DeleteObjects: 0.093200 ms)

========================================================================
Received Prepare
Registering precompiled user dll's ...
Registered in 0.001096 seconds.
Begin MonoManager ReloadAssembly
Native extension for WindowsStandalone target not found
Refreshing native plugins compatible for Editor in 0.40 ms, found 0 plugins.
Preloading 0 native plugins for Editor in 0.00 ms.
Invoked RoslynAnalysisRunner static constructor.
RoslynAnalysisRunner will not be running.
RoslynAnalysisRunner has terminated.
Mono: successfully reloaded assembly
- Completed reload, in  2.155 seconds
Platform modules already initialized, skipping
Refreshing native plugins compatible for Editor in 0.39 ms, found 0 plugins.
Preloading 0 native plugins for Editor in 0.00 ms.
Unloading 1256 Unused Serialized files (Serialized files now loaded: 0)
System memory in use before: 65.4 MB.
System memory in use after: 65.5 MB.

Unloading 6 unused Assets to reduce memory usage. Loaded Objects now: 1778.
Total: 4.218000 ms (FindLiveObjects: 0.350100 ms CreateObjectMapping: 0.078800 ms MarkObjects: 3.710500 ms  DeleteObjects: 0.076900 ms)

========================================================================
Received Prepare
Registering precompiled user dll's ...
Registered in 0.000800 seconds.
Begin MonoManager ReloadAssembly
Native extension for WindowsStandalone target not found
Refreshing native plugins compatible for Editor in 0.22 ms, found 0 plugins.
Preloading 0 native plugins for Editor in 0.00 ms.
Invoked RoslynAnalysisRunner static constructor.
RoslynAnalysisRunner will not be running.
RoslynAnalysisRunner has terminated.
Mono: successfully reloaded assembly
- Completed reload, in  1.221 seconds
Platform modules already initialized, skipping
Refreshing native plugins compatible for Editor in 0.21 ms, found 0 plugins.
Preloading 0 native plugins for Editor in 0.00 ms.
Unloading 1256 Unused Serialized files (Serialized files now loaded: 0)
System memory in use before: 65.4 MB.
System memory in use after: 65.5 MB.

Unloading 6 unused Assets to reduce memory usage. Loaded Objects now: 1781.
Total: 1.985900 ms (FindLiveObjects: 0.228600 ms CreateObjectMapping: 0.048400 ms MarkObjects: 1.624800 ms  DeleteObjects: 0.082500 ms)

========================================================================
Received Prepare
Registering precompiled user dll's ...
Registered in 0.000793 seconds.
Begin MonoManager ReloadAssembly
Native extension for WindowsStandalone target not found
Refreshing native plugins compatible for Editor in 0.42 ms, found 0 plugins.
Preloading 0 native plugins for Editor in 0.00 ms.
Invoked RoslynAnalysisRunner static constructor.
RoslynAnalysisRunner will not be running.
RoslynAnalysisRunner has terminated.
Mono: successfully reloaded assembly
- Completed reload, in  1.114 seconds
Platform modules already initialized, skipping
Refreshing native plugins compatible for Editor in 0.23 ms, found 0 plugins.
Preloading 0 native plugins for Editor in 0.00 ms.
Unloading 1256 Unused Serialized files (Serialized files now loaded: 0)
System memory in use before: 65.5 MB.
System memory in use after: 65.5 MB.

Unloading 6 unused Assets to reduce memory usage. Loaded Objects now: 1784.
Total: 3.426600 ms (FindLiveObjects: 0.330600 ms CreateObjectMapping: 0.119800 ms MarkObjects: 2.866900 ms  DeleteObjects: 0.107700 ms)

========================================================================
Received Prepare
Registering precompiled user dll's ...
Registered in 0.000724 seconds.
Begin MonoManager ReloadAssembly
Native extension for WindowsStandalone target not found
Refreshing native plugins compatible for Editor in 0.21 ms, found 0 plugins.
Preloading 0 native plugins for Editor in 0.00 ms.
Invoked RoslynAnalysisRunner static constructor.
RoslynAnalysisRunner will not be running.
RoslynAnalysisRunner has terminated.
Mono: successfully reloaded assembly
- Completed reload, in  0.971 seconds
Platform modules already initialized, skipping
Refreshing native plugins compatible for Editor in 0.25 ms, found 0 plugins.
Preloading 0 native plugins for Editor in 0.00 ms.
Unloading 1256 Unused Serialized files (Serialized files now loaded: 0)
System memory in use before: 65.5 MB.
System memory in use after: 65.5 MB.

Unloading 6 unused Assets to reduce memory usage. Loaded Objects now: 1787.
Total: 2.107900 ms (FindLiveObjects: 0.262300 ms CreateObjectMapping: 0.091800 ms MarkObjects: 1.676000 ms  DeleteObjects: 0.076300 ms)

========================================================================
Received Prepare
Registering precompiled user dll's ...
Registered in 0.001187 seconds.
Begin MonoManager ReloadAssembly
Native extension for WindowsStandalone target not found
Refreshing native plugins compatible for Editor in 0.38 ms, found 0 plugins.
Preloading 0 native plugins for Editor in 0.00 ms.
Invoked RoslynAnalysisRunner static constructor.
RoslynAnalysisRunner will not be running.
RoslynAnalysisRunner has terminated.
Mono: successfully reloaded assembly
- Completed reload, in  1.415 seconds
Platform modules already initialized, skipping
Refreshing native plugins compatible for Editor in 0.25 ms, found 0 plugins.
Preloading 0 native plugins for Editor in 0.00 ms.
Unloading 1256 Unused Serialized files (Serialized files now loaded: 0)
System memory in use before: 65.5 MB.
System memory in use after: 65.5 MB.

Unloading 6 unused Assets to reduce memory usage. Loaded Objects now: 1790.
Total: 3.010200 ms (FindLiveObjects: 0.297600 ms CreateObjectMapping: 0.135500 ms MarkObjects: 2.500600 ms  DeleteObjects: 0.074100 ms)

========================================================================
Received Import Request.
  Time since last request: 3456.577437 seconds.
  path: Assets/Sounds/Power Up Whoosh - Slushy-Speed Up.mp3
  artifactKey: Guid(dfa6a4d6affa0e9409a8c9563fcbd0f4) Importer(815301076,1909f56bfc062723c751e8b465ee728b)
Start importing Assets/Sounds/Power Up Whoosh - Slushy-Speed Up.mp3 using Guid(dfa6a4d6affa0e9409a8c9563fcbd0f4) Importer(815301076,1909f56bfc062723c751e8b465ee728b)  -> (artifact id: '62b9df7fcf4c7b8f0175f29a9772dd84') in 0.073620 seconds
  Import took 0.076643 seconds .

========================================================================
Received Import Request.
  Time since last request: 0.005317 seconds.
  path: Assets/Sounds/Power Up Whoosh - Slushy-Speed Up.mp3
  artifactKey: Guid(dfa6a4d6affa0e9409a8c9563fcbd0f4) Importer(815301076,1909f56bfc062723c751e8b465ee728b)
Start importing Assets/Sounds/Power Up Whoosh - Slushy-Speed Up.mp3 using Guid(dfa6a4d6affa0e9409a8c9563fcbd0f4) Importer(815301076,1909f56bfc062723c751e8b465ee728b)  -> (artifact id: '62b9df7fcf4c7b8f0175f29a9772dd84') in 0.011291 seconds
  Import took 0.014556 seconds .

========================================================================
Received Prepare
Registering precompiled user dll's ...
Registered in 0.000768 seconds.
Begin MonoManager ReloadAssembly
Native extension for WindowsStandalone target not found
Refreshing native plugins compatible for Editor in 0.25 ms, found 0 plugins.
Preloading 0 native plugins for Editor in 0.00 ms.
Invoked RoslynAnalysisRunner static constructor.
RoslynAnalysisRunner will not be running.
RoslynAnalysisRunner has terminated.
Mono: successfully reloaded assembly
- Completed reload, in  1.103 seconds
Platform modules already initialized, skipping
Refreshing native plugins compatible for Editor in 0.20 ms, found 0 plugins.
Preloading 0 native plugins for Editor in 0.00 ms.
Unloading 1256 Unused Serialized files (Serialized files now loaded: 0)
System memory in use before: 65.5 MB.
System memory in use after: 65.5 MB.

Unloading 6 unused Assets to reduce memory usage. Loaded Objects now: 1794.
Total: 1.758100 ms (FindLiveObjects: 0.181400 ms CreateObjectMapping: 0.046000 ms MarkObjects: 1.414900 ms  DeleteObjects: 0.114700 ms)

========================================================================
Received Prepare
Registering precompiled user dll's ...
Registered in 0.001428 seconds.
Begin MonoManager ReloadAssembly
Native extension for WindowsStandalone target not found
Refreshing native plugins compatible for Editor in 0.23 ms, found 0 plugins.
Preloading 0 native plugins for Editor in 0.00 ms.
Invoked RoslynAnalysisRunner static constructor.
RoslynAnalysisRunner will not be running.
RoslynAnalysisRunner has terminated.
Mono: successfully reloaded assembly
- Completed reload, in  0.857 seconds
Platform modules already initialized, skipping
Refreshing native plugins compatible for Editor in 0.20 ms, found 0 plugins.
Preloading 0 native plugins for Editor in 0.00 ms.
Unloading 1256 Unused Serialized files (Serialized files now loaded: 0)
System memory in use before: 65.5 MB.
System memory in use after: 65.5 MB.

Unloading 6 unused Assets to reduce memory usage. Loaded Objects now: 1797.
Total: 2.177000 ms (FindLiveObjects: 0.267200 ms CreateObjectMapping: 0.144800 ms MarkObjects: 1.657300 ms  DeleteObjects: 0.105900 ms)

========================================================================
Received Prepare
Registering precompiled user dll's ...
Registered in 0.000742 seconds.
Begin MonoManager ReloadAssembly
Native extension for WindowsStandalone target not found
Refreshing native plugins compatible for Editor in 0.20 ms, found 0 plugins.
Preloading 0 native plugins for Editor in 0.00 ms.
Invoked RoslynAnalysisRunner static constructor.
RoslynAnalysisRunner will not be running.
RoslynAnalysisRunner has terminated.
Mono: successfully reloaded assembly
- Completed reload, in  1.031 seconds
Platform modules already initialized, skipping
Refreshing native plugins compatible for Editor in 0.33 ms, found 0 plugins.
Preloading 0 native plugins for Editor in 0.00 ms.
Unloading 1256 Unused Serialized files (Serialized files now loaded: 0)
System memory in use before: 65.5 MB.
System memory in use after: 65.6 MB.

Unloading 6 unused Assets to reduce memory usage. Loaded Objects now: 1800.
Total: 1.921300 ms (FindLiveObjects: 0.281000 ms CreateObjectMapping: 0.096700 ms MarkObjects: 1.474900 ms  DeleteObjects: 0.066800 ms)

========================================================================
Received Prepare
Registering precompiled user dll's ...
Registered in 0.001163 seconds.
Begin MonoManager ReloadAssembly
Native extension for WindowsStandalone target not found
Refreshing native plugins compatible for Editor in 0.33 ms, found 0 plugins.
Preloading 0 native plugins for Editor in 0.00 ms.
Invoked RoslynAnalysisRunner static constructor.
RoslynAnalysisRunner will not be running.
RoslynAnalysisRunner has terminated.
Mono: successfully reloaded assembly
- Completed reload, in  1.284 seconds
Platform modules already initialized, skipping
Refreshing native plugins compatible for Editor in 0.26 ms, found 0 plugins.
Preloading 0 native plugins for Editor in 0.00 ms.
Unloading 1256 Unused Serialized files (Serialized files now loaded: 0)
System memory in use before: 65.5 MB.
System memory in use after: 65.6 MB.

Unloading 6 unused Assets to reduce memory usage. Loaded Objects now: 1803.
Total: 2.480200 ms (FindLiveObjects: 0.223700 ms CreateObjectMapping: 0.063900 ms MarkObjects: 2.114200 ms  DeleteObjects: 0.076700 ms)

========================================================================
Received Import Request.
  Time since last request: 1398.828164 seconds.
  path: Assets/Sounds/Power Up Whoosh - Slushy-Speed Up.mp3
  artifactKey: Guid(dfa6a4d6affa0e9409a8c9563fcbd0f4) Importer(815301076,1909f56bfc062723c751e8b465ee728b)
Start importing Assets/Sounds/Power Up Whoosh - Slushy-Speed Up.mp3 using Guid(dfa6a4d6affa0e9409a8c9563fcbd0f4) Importer(815301076,1909f56bfc062723c751e8b465ee728b)  -> (artifact id: '0e60c1e0a7c5bb85499509dbd1338b0a') in 0.071787 seconds
  Import took 0.075204 seconds .

========================================================================
Received Prepare
Registering precompiled user dll's ...
Registered in 0.001204 seconds.
Begin MonoManager ReloadAssembly
Native extension for WindowsStandalone target not found
Refreshing native plugins compatible for Editor in 0.29 ms, found 0 plugins.
Preloading 0 native plugins for Editor in 0.00 ms.
Invoked RoslynAnalysisRunner static constructor.
RoslynAnalysisRunner will not be running.
RoslynAnalysisRunner has terminated.
Mono: successfully reloaded assembly
- Completed reload, in  1.471 seconds
Platform modules already initialized, skipping
Refreshing native plugins compatible for Editor in 0.32 ms, found 0 plugins.
Preloading 0 native plugins for Editor in 0.00 ms.
Unloading 1256 Unused Serialized files (Serialized files now loaded: 0)
System memory in use before: 65.5 MB.
System memory in use after: 65.6 MB.

Unloading 6 unused Assets to reduce memory usage. Loaded Objects now: 1807.
Total: 2.586600 ms (FindLiveObjects: 0.231700 ms CreateObjectMapping: 0.071500 ms MarkObjects: 2.221800 ms  DeleteObjects: 0.060300 ms)

AssetImportWorkerClient::OnTransportError - code=2 error=End of file
